f:\documents\visual studio 2013\projects\ba2lib\ba2lib\zlib\release\vc120.pdb
f:\documents\visual studio 2013\projects\ba2lib\ba2lib\zlib\release\zutil.obj
f:\documents\visual studio 2013\projects\ba2lib\ba2lib\zlib\release\uncompr.obj
f:\documents\visual studio 2013\projects\ba2lib\ba2lib\zlib\release\infutil.obj
f:\documents\visual studio 2013\projects\ba2lib\ba2lib\zlib\release\inftrees.obj
f:\documents\visual studio 2013\projects\ba2lib\ba2lib\zlib\release\inflate.obj
f:\documents\visual studio 2013\projects\ba2lib\ba2lib\zlib\release\inffast.obj
f:\documents\visual studio 2013\projects\ba2lib\ba2lib\zlib\release\infcodes.obj
f:\documents\visual studio 2013\projects\ba2lib\ba2lib\zlib\release\infblock.obj
f:\documents\visual studio 2013\projects\ba2lib\ba2lib\zlib\release\gzio.obj
f:\documents\visual studio 2013\projects\ba2lib\ba2lib\zlib\release\crc32.obj
f:\documents\visual studio 2013\projects\ba2lib\ba2lib\zlib\release\compress.obj
f:\documents\visual studio 2013\projects\ba2lib\ba2lib\zlib\release\adler32.obj
f:\documents\visual studio 2013\projects\ba2lib\release\zlib.lib
f:\documents\visual studio 2013\projects\ba2lib\ba2lib\zlib\release\zlib.tlog\cl.command.1.tlog
f:\documents\visual studio 2013\projects\ba2lib\ba2lib\zlib\release\zlib.tlog\cl.read.1.tlog
f:\documents\visual studio 2013\projects\ba2lib\ba2lib\zlib\release\zlib.tlog\cl.write.1.tlog
f:\documents\visual studio 2013\projects\ba2lib\ba2lib\zlib\release\zlib.tlog\lib-link.read.1.tlog
f:\documents\visual studio 2013\projects\ba2lib\ba2lib\zlib\release\zlib.tlog\lib-link.write.1.tlog
f:\documents\visual studio 2013\projects\ba2lib\ba2lib\zlib\release\zlib.tlog\lib.command.1.tlog
